<?xml version="1.0" encoding="UTF-8"?>
<!-- Generated by org.testng.reporters.JUnitXMLReporter -->
<testsuite ignored="0" hostname="DESKTOP-KFPD178" failures="3" tests="3" name="Google Test " time="25.772" errors="0" timestamp="25 Jan 2022 18:15:38 GMT">
  <testcase classname="TestNgSessions.GoogleTestWithBT" name="@AfterTest tearDwon" time="0.003">
    <failure type="java.lang.NullPointerException" message="Cannot invoke &amp;quot;org.openqa.selenium.WebDriver.quit()&amp;quot; because &amp;quot;this.driver&amp;quot; is null">
      <![CDATA[java.lang.NullPointerException: Cannot invoke "org.openqa.selenium.WebDriver.quit()" because "this.driver" is null
at TestNgSessions.GoogleTestWithBT.tearDwon(GoogleTestWithBT.java:39)
... Removed 24 stack frames]]>
    </failure>
  </testcase> <!-- @AfterTest tearDwon -->
  <testcase classname="TestNgSessions.GoogleTestWithBT" name="googleTitleTest" time="0.015">
    <failure type="java.lang.NullPointerException" message="Cannot invoke &amp;quot;org.openqa.selenium.WebDriver.get(String)&amp;quot; because &amp;quot;this.driver&amp;quot; is null">
      <![CDATA[java.lang.NullPointerException: Cannot invoke "org.openqa.selenium.WebDriver.get(String)" because "this.driver" is null
at TestNgSessions.GoogleTestWithBT.googleTitleTest(GoogleTestWithBT.java:20)
... Removed 25 stack frames]]>
    </failure>
  </testcase> <!-- googleTitleTest -->
  <testcase classname="TestNgSessions.GoogleTestWithBT" name="googleLogoTest" time="0.023">
    <failure type="java.lang.NullPointerException" message="Cannot invoke &amp;quot;org.openqa.selenium.WebDriver.findElement(org.openqa.selenium.By)&amp;quot; because &amp;quot;this.driver&amp;quot; is null">
      <![CDATA[java.lang.NullPointerException: Cannot invoke "org.openqa.selenium.WebDriver.findElement(org.openqa.selenium.By)" because "this.driver" is null
at TestNgSessions.GoogleTestWithBT.googleLogoTest(GoogleTestWithBT.java:28)
... Removed 25 stack frames]]>
    </failure>
  </testcase> <!-- googleLogoTest -->
  <testcase classname="TestNgSessions.GoogleTestWithBT" name="googleSearchBTNtest" time="0.003">
    <failure type="java.lang.NullPointerException" message="Cannot invoke &amp;quot;org.openqa.selenium.WebDriver.findElement(org.openqa.selenium.By)&amp;quot; because &amp;quot;this.driver&amp;quot; is null">
      <![CDATA[java.lang.NullPointerException: Cannot invoke "org.openqa.selenium.WebDriver.findElement(org.openqa.selenium.By)" because "this.driver" is null
at TestNgSessions.GoogleTestWithBT.googleSearchBTNtest(GoogleTestWithBT.java:35)
... Removed 25 stack frames]]>
    </failure>
  </testcase> <!-- googleSearchBTNtest -->
</testsuite> <!-- Google Test  -->
